<?xml version="1.0" encoding="UTF-8" ?>
<testsuite failures="0" time="0.973" errors="0" skipped="0" tests="4" name="TestSuite">
  <properties>
    <property name="java.runtime.name" value="Java(TM) SE Runtime Environment"/>
    <property name="sun.boot.library.path" value="/Library/Java/JavaVirtualMachines/jdk1.7.0_51.jdk/Contents/Home/jre/lib"/>
    <property name="java.vm.version" value="24.51-b03"/>
    <property name="gopherProxySet" value="false"/>
    <property name="java.vm.vendor" value="Oracle Corporation"/>
    <property name="java.vendor.url" value="http://java.oracle.com/"/>
    <property name="path.separator" value=":"/>
    <property name="java.vm.name" value="Java HotSpot(TM) 64-Bit Server VM"/>
    <property name="file.encoding.pkg" value="sun.io"/>
    <property name="user.country" value="US"/>
    <property name="sun.java.launcher" value="SUN_STANDARD"/>
    <property name="sun.os.patch.level" value="unknown"/>
    <property name="java.vm.specification.name" value="Java Virtual Machine Specification"/>
    <property name="user.dir" value="/Users/dcorrales/Google Drive/Workspaces/BlueSky/ZiggyTesting/csgtest-csgziggyfw"/>
    <property name="java.runtime.version" value="1.7.0_51-b13"/>
    <property name="java.awt.graphicsenv" value="sun.awt.CGraphicsEnvironment"/>
    <property name="basedir" value="/Users/dcorrales/Google Drive/Workspaces/BlueSky/ZiggyTesting/csgtest-csgziggyfw"/>
    <property name="java.endorsed.dirs" value="/Library/Java/JavaVirtualMachines/jdk1.7.0_51.jdk/Contents/Home/jre/lib/endorsed"/>
    <property name="os.arch" value="x86_64"/>
    <property name="surefire.real.class.path" value="/Users/dcorrales/Google Drive/Workspaces/BlueSky/ZiggyTesting/csgtest-csgziggyfw/target/surefire/surefirebooter7558553082119600785.jar"/>
    <property name="java.io.tmpdir" value="/var/folders/bj/plg_p3dd2yncczdpfq5dgkpw0000gn/T/"/>
    <property name="line.separator" value="
"/>
    <property name="java.vm.specification.vendor" value="Oracle Corporation"/>
    <property name="https.proxyHost" value="127.0.0.1"/>
    <property name="os.name" value="Mac OS X"/>
    <property name="sun.jnu.encoding" value="UTF-8"/>
    <property name="java.library.path" value="/Users/dcorrales/Library/Java/Extensions:/Library/Java/Extensions:/Network/Library/Java/Extensions:/System/Library/Java/Extensions:/usr/lib/java:."/>
    <property name="http.proxyPort" value="8888"/>
    <property name="surefire.test.class.path" value="/Users/dcorrales/Google Drive/Workspaces/BlueSky/ZiggyTesting/csgtest-csgziggyfw/target/test-classes:/Users/dcorrales/Google Drive/Workspaces/BlueSky/ZiggyTesting/csgtest-csgziggyfw/target/classes:/Users/dcorrales/.m2/repository/com/pearson/qa/common/ziggyfw/1.4/ziggyfw-1.4.jar:/Users/dcorrales/.m2/repository/com/google/guava/guava/14.0.1/guava-14.0.1.jar:/Users/dcorrales/.m2/repository/com/google/guava/guava/14.0.1/guava-14.0.1-sources.jar:/Users/dcorrales/.m2/repository/org/mongodb/mongo-java-driver/2.11.1/mongo-java-driver-2.11.1.jar:/Users/dcorrales/.m2/repository/org/mongodb/mongo-java-driver/2.11.1/mongo-java-driver-2.11.1-sources.jar:/Users/dcorrales/.m2/repository/commons-collections/commons-collections/3.2.1/commons-collections-3.2.1.jar:/Users/dcorrales/.m2/repository/commons-collections/commons-collections/3.2.1/commons-collections-3.2.1-sources.jar:/Users/dcorrales/.m2/repository/org/apache/commons/commons-exec/1.1/commons-exec-1.1.jar:/Users/dcorrales/.m2/repository/org/apache/commons/commons-exec/1.1/commons-exec-1.1-sources.jar:/Users/dcorrales/.m2/repository/commons-io/commons-io/2.4/commons-io-2.4.jar:/Users/dcorrales/.m2/repository/commons-io/commons-io/2.4/commons-io-2.4-sources.jar:/Users/dcorrales/.m2/repository/org/apache/commons/commons-lang3/3.1/commons-lang3-3.1.jar:/Users/dcorrales/.m2/repository/org/apache/commons/commons-lang3/3.1/commons-lang3-3.1-sources.jar:/Users/dcorrales/.m2/repository/commons-lang/commons-lang/2.6/commons-lang-2.6.jar:/Users/dcorrales/.m2/repository/commons-lang/commons-lang/2.6/commons-lang-2.6-sources.jar:/Users/dcorrales/.m2/repository/commons-logging/commons-logging/1.1.3/commons-logging-1.1.3.jar:/Users/dcorrales/.m2/repository/commons-logging/commons-logging/1.1.3/commons-logging-1.1.3-sources.jar:/Users/dcorrales/.m2/repository/org/apache/httpcomponents/httpclient/4.2.5/httpclient-4.2.5.jar:/Users/dcorrales/.m2/repository/commons-codec/commons-codec/1.6/commons-codec-1.6.jar:/Users/dcorrales/.m2/repository/org/apache/httpcomponents/httpclient/4.2.5/httpclient-4.2.5-sources.jar:/Users/dcorrales/.m2/repository/org/apache/httpcomponents/httpcore/4.2.4/httpcore-4.2.4.jar:/Users/dcorrales/.m2/repository/org/apache/httpcomponents/httpcore/4.2.4/httpcore-4.2.4-sources.jar:/Users/dcorrales/.m2/repository/org/apache/httpcomponents/httpmime/4.2.5/httpmime-4.2.5.jar:/Users/dcorrales/.m2/repository/org/apache/httpcomponents/httpmime/4.2.5/httpmime-4.2.5-sources.jar:/Users/dcorrales/.m2/repository/org/bouncycastle/bcprov-jdk15on/1.48/bcprov-jdk15on-1.48.jar:/Users/dcorrales/.m2/repository/org/bouncycastle/bcprov-jdk15on/1.48/bcprov-jdk15on-1.48-sources.jar:/Users/dcorrales/.m2/repository/org/hamcrest/hamcrest-library/1.3/hamcrest-library-1.3.jar:/Users/dcorrales/.m2/repository/org/hamcrest/hamcrest-core/1.3/hamcrest-core-1.3.jar:/Users/dcorrales/.m2/repository/org/hamcrest/hamcrest-library/1.3/hamcrest-library-1.3-sources.jar:/Users/dcorrales/.m2/repository/com/googlecode/json-simple/json-simple/1.1.1/json-simple-1.1.1.jar:/Users/dcorrales/.m2/repository/com/googlecode/json-simple/json-simple/1.1.1/json-simple-1.1.1-sources.jar:/Users/dcorrales/.m2/repository/com/google/inject/guice/3.0/guice-3.0.jar:/Users/dcorrales/.m2/repository/javax/inject/javax.inject/1/javax.inject-1.jar:/Users/dcorrales/.m2/repository/aopalliance/aopalliance/1.0/aopalliance-1.0.jar:/Users/dcorrales/.m2/repository/com/google/inject/guice/3.0/guice-3.0-sources.jar:/Users/dcorrales/.m2/repository/com/pearson/qa/common/ziggyfw/1.4/ziggyfw-1.4-sources.jar:/Users/dcorrales/.m2/repository/com/pearson/qa/common/configuration/1.2/configuration-1.2.jar:/Users/dcorrales/.m2/repository/commons-configuration/commons-configuration/1.9/commons-configuration-1.9.jar:/Users/dcorrales/.m2/repository/commons-configuration/commons-configuration/1.9/commons-configuration-1.9-sources.jar:/Users/dcorrales/.m2/repository/commons-jxpath/commons-jxpath/1.3/commons-jxpath-1.3.jar:/Users/dcorrales/.m2/repository/commons-jxpath/commons-jxpath/1.3/commons-jxpath-1.3-sources.jar:/Users/dcorrales/.m2/repository/com/pearson/qa/common/configuration/1.2/configuration-1.2-sources.jar:/Users/dcorrales/.m2/repository/org/testng/testng/6.3.1/testng-6.3.1.jar:/Users/dcorrales/.m2/repository/junit/junit/3.8.1/junit-3.8.1.jar:/Users/dcorrales/.m2/repository/org/beanshell/bsh/2.0b4/bsh-2.0b4.jar:/Users/dcorrales/.m2/repository/com/beust/jcommander/1.12/jcommander-1.12.jar:/Users/dcorrales/.m2/repository/org/yaml/snakeyaml/1.6/snakeyaml-1.6.jar:/Users/dcorrales/.m2/repository/org/codehaus/jettison/jettison/1.1/jettison-1.1.jar:/Users/dcorrales/.m2/repository/stax/stax-api/1.0.1/stax-api-1.0.1.jar:/Users/dcorrales/.m2/repository/org/apache/maven/surefire/surefire-testng-utils/2.8.1/surefire-testng-utils-2.8.1.jar:"/>
    <property name="java.specification.name" value="Java Platform API Specification"/>
    <property name="java.class.version" value="51.0"/>
    <property name="sun.management.compiler" value="HotSpot 64-Bit Tiered Compilers"/>
    <property name="os.version" value="10.9.1"/>
    <property name="user.home" value="/Users/dcorrales"/>
    <property name="user.timezone" value="America/Costa_Rica"/>
    <property name="java.awt.printerjob" value="sun.lwawt.macosx.CPrinterJob"/>
    <property name="java.specification.version" value="1.7"/>
    <property name="file.encoding" value="UTF-8"/>
    <property name="user.name" value="dcorrales"/>
    <property name="java.class.path" value="/Users/dcorrales/Google Drive/Workspaces/BlueSky/ZiggyTesting/csgtest-csgziggyfw/target/test-classes:/Users/dcorrales/Google Drive/Workspaces/BlueSky/ZiggyTesting/csgtest-csgziggyfw/target/classes:/Users/dcorrales/.m2/repository/com/pearson/qa/common/ziggyfw/1.4/ziggyfw-1.4.jar:/Users/dcorrales/.m2/repository/com/google/guava/guava/14.0.1/guava-14.0.1.jar:/Users/dcorrales/.m2/repository/com/google/guava/guava/14.0.1/guava-14.0.1-sources.jar:/Users/dcorrales/.m2/repository/org/mongodb/mongo-java-driver/2.11.1/mongo-java-driver-2.11.1.jar:/Users/dcorrales/.m2/repository/org/mongodb/mongo-java-driver/2.11.1/mongo-java-driver-2.11.1-sources.jar:/Users/dcorrales/.m2/repository/commons-collections/commons-collections/3.2.1/commons-collections-3.2.1.jar:/Users/dcorrales/.m2/repository/commons-collections/commons-collections/3.2.1/commons-collections-3.2.1-sources.jar:/Users/dcorrales/.m2/repository/org/apache/commons/commons-exec/1.1/commons-exec-1.1.jar:/Users/dcorrales/.m2/repository/org/apache/commons/commons-exec/1.1/commons-exec-1.1-sources.jar:/Users/dcorrales/.m2/repository/commons-io/commons-io/2.4/commons-io-2.4.jar:/Users/dcorrales/.m2/repository/commons-io/commons-io/2.4/commons-io-2.4-sources.jar:/Users/dcorrales/.m2/repository/org/apache/commons/commons-lang3/3.1/commons-lang3-3.1.jar:/Users/dcorrales/.m2/repository/org/apache/commons/commons-lang3/3.1/commons-lang3-3.1-sources.jar:/Users/dcorrales/.m2/repository/commons-lang/commons-lang/2.6/commons-lang-2.6.jar:/Users/dcorrales/.m2/repository/commons-lang/commons-lang/2.6/commons-lang-2.6-sources.jar:/Users/dcorrales/.m2/repository/commons-logging/commons-logging/1.1.3/commons-logging-1.1.3.jar:/Users/dcorrales/.m2/repository/commons-logging/commons-logging/1.1.3/commons-logging-1.1.3-sources.jar:/Users/dcorrales/.m2/repository/org/apache/httpcomponents/httpclient/4.2.5/httpclient-4.2.5.jar:/Users/dcorrales/.m2/repository/commons-codec/commons-codec/1.6/commons-codec-1.6.jar:/Users/dcorrales/.m2/repository/org/apache/httpcomponents/httpclient/4.2.5/httpclient-4.2.5-sources.jar:/Users/dcorrales/.m2/repository/org/apache/httpcomponents/httpcore/4.2.4/httpcore-4.2.4.jar:/Users/dcorrales/.m2/repository/org/apache/httpcomponents/httpcore/4.2.4/httpcore-4.2.4-sources.jar:/Users/dcorrales/.m2/repository/org/apache/httpcomponents/httpmime/4.2.5/httpmime-4.2.5.jar:/Users/dcorrales/.m2/repository/org/apache/httpcomponents/httpmime/4.2.5/httpmime-4.2.5-sources.jar:/Users/dcorrales/.m2/repository/org/bouncycastle/bcprov-jdk15on/1.48/bcprov-jdk15on-1.48.jar:/Users/dcorrales/.m2/repository/org/bouncycastle/bcprov-jdk15on/1.48/bcprov-jdk15on-1.48-sources.jar:/Users/dcorrales/.m2/repository/org/hamcrest/hamcrest-library/1.3/hamcrest-library-1.3.jar:/Users/dcorrales/.m2/repository/org/hamcrest/hamcrest-core/1.3/hamcrest-core-1.3.jar:/Users/dcorrales/.m2/repository/org/hamcrest/hamcrest-library/1.3/hamcrest-library-1.3-sources.jar:/Users/dcorrales/.m2/repository/com/googlecode/json-simple/json-simple/1.1.1/json-simple-1.1.1.jar:/Users/dcorrales/.m2/repository/com/googlecode/json-simple/json-simple/1.1.1/json-simple-1.1.1-sources.jar:/Users/dcorrales/.m2/repository/com/google/inject/guice/3.0/guice-3.0.jar:/Users/dcorrales/.m2/repository/javax/inject/javax.inject/1/javax.inject-1.jar:/Users/dcorrales/.m2/repository/aopalliance/aopalliance/1.0/aopalliance-1.0.jar:/Users/dcorrales/.m2/repository/com/google/inject/guice/3.0/guice-3.0-sources.jar:/Users/dcorrales/.m2/repository/com/pearson/qa/common/ziggyfw/1.4/ziggyfw-1.4-sources.jar:/Users/dcorrales/.m2/repository/com/pearson/qa/common/configuration/1.2/configuration-1.2.jar:/Users/dcorrales/.m2/repository/commons-configuration/commons-configuration/1.9/commons-configuration-1.9.jar:/Users/dcorrales/.m2/repository/commons-configuration/commons-configuration/1.9/commons-configuration-1.9-sources.jar:/Users/dcorrales/.m2/repository/commons-jxpath/commons-jxpath/1.3/commons-jxpath-1.3.jar:/Users/dcorrales/.m2/repository/commons-jxpath/commons-jxpath/1.3/commons-jxpath-1.3-sources.jar:/Users/dcorrales/.m2/repository/com/pearson/qa/common/configuration/1.2/configuration-1.2-sources.jar:/Users/dcorrales/.m2/repository/org/testng/testng/6.3.1/testng-6.3.1.jar:/Users/dcorrales/.m2/repository/junit/junit/3.8.1/junit-3.8.1.jar:/Users/dcorrales/.m2/repository/org/beanshell/bsh/2.0b4/bsh-2.0b4.jar:/Users/dcorrales/.m2/repository/com/beust/jcommander/1.12/jcommander-1.12.jar:/Users/dcorrales/.m2/repository/org/yaml/snakeyaml/1.6/snakeyaml-1.6.jar:/Users/dcorrales/.m2/repository/org/codehaus/jettison/jettison/1.1/jettison-1.1.jar:/Users/dcorrales/.m2/repository/stax/stax-api/1.0.1/stax-api-1.0.1.jar:/Users/dcorrales/.m2/repository/org/apache/maven/surefire/surefire-testng-utils/2.8.1/surefire-testng-utils-2.8.1.jar:"/>
    <property name="java.vm.specification.version" value="1.7"/>
    <property name="sun.arch.data.model" value="64"/>
    <property name="java.home" value="/Library/Java/JavaVirtualMachines/jdk1.7.0_51.jdk/Contents/Home/jre"/>
    <property name="sun.java.command" value="/Users/dcorrales/Google Drive/Workspaces/BlueSky/ZiggyTesting/csgtest-csgziggyfw/target/surefire/surefirebooter7558553082119600785.jar /Users/dcorrales/Google Drive/Workspaces/BlueSky/ZiggyTesting/csgtest-csgziggyfw/target/surefire/surefire2434454804271630621tmp /Users/dcorrales/Google Drive/Workspaces/BlueSky/ZiggyTesting/csgtest-csgziggyfw/target/surefire/surefire5474334789781291704tmp"/>
    <property name="java.specification.vendor" value="Oracle Corporation"/>
    <property name="user.language" value="en"/>
    <property name="awt.toolkit" value="sun.lwawt.macosx.LWCToolkit"/>
    <property name="java.vm.info" value="mixed mode"/>
    <property name="java.version" value="1.7.0_51"/>
    <property name="java.ext.dirs" value="/Users/dcorrales/Library/Java/Extensions:/Library/Java/JavaVirtualMachines/jdk1.7.0_51.jdk/Contents/Home/jre/lib/ext:/Library/Java/Extensions:/Network/Library/Java/Extensions:/System/Library/Java/Extensions:/usr/lib/java"/>
    <property name="http.proxyHost" value="127.0.0.1"/>
    <property name="sun.boot.class.path" value="/Library/Java/JavaVirtualMachines/jdk1.7.0_51.jdk/Contents/Home/jre/lib/resources.jar:/Library/Java/JavaVirtualMachines/jdk1.7.0_51.jdk/Contents/Home/jre/lib/rt.jar:/Library/Java/JavaVirtualMachines/jdk1.7.0_51.jdk/Contents/Home/jre/lib/sunrsasign.jar:/Library/Java/JavaVirtualMachines/jdk1.7.0_51.jdk/Contents/Home/jre/lib/jsse.jar:/Library/Java/JavaVirtualMachines/jdk1.7.0_51.jdk/Contents/Home/jre/lib/jce.jar:/Library/Java/JavaVirtualMachines/jdk1.7.0_51.jdk/Contents/Home/jre/lib/charsets.jar:/Library/Java/JavaVirtualMachines/jdk1.7.0_51.jdk/Contents/Home/jre/lib/jfr.jar:/Library/Java/JavaVirtualMachines/jdk1.7.0_51.jdk/Contents/Home/jre/classes"/>
    <property name="java.vendor" value="Oracle Corporation"/>
    <property name="localRepository" value="/Users/dcorrales/.m2/repository"/>
    <property name="file.separator" value="/"/>
    <property name="java.vendor.url.bug" value="http://bugreport.sun.com/bugreport/"/>
    <property name="sun.cpu.endian" value="little"/>
    <property name="sun.io.unicode.encoding" value="UnicodeBig"/>
    <property name="https.proxyPort" value="8888"/>
    <property name="sun.cpu.isalist" value=""/>
  </properties>
  <testcase time="0.124" classname="com.pearson.qa.bluesky.csg.Tests" name="createCreateCollectionContextTest"/>
  <testcase time="0.014" classname="com.pearson.qa.bluesky.csg.Tests" name="createCreateCollectionExecutionDriverTest"/>
  <testcase time="0.017" classname="com.pearson.qa.bluesky.csg.Tests" name="createLoginContextTest"/>
  <testcase time="0.006" classname="com.pearson.qa.bluesky.csg.Tests" name="createLoginExecutionDriverTest"/>
</testsuite>